<?xml version="1.0" encoding="UTF-8"?>
<robot generator="Robot 6.1.1 (Python 3.12.4 on win32)" generated="20241111 14:05:40.864" rpa="false" schemaversion="4">
<suite id="s1" name="Tests" source="C:\Users\Katri\Documents\Opiskelu\OhTu\ohjelmistotuotanto\viikko3\web-login\src\tests">
<suite id="s1-s1" name="Home" source="C:\Users\Katri\Documents\Opiskelu\OhTu\ohjelmistotuotanto\viikko3\web-login\src\tests\home.robot">
<kw name="Open And Configure Browser" library="resource" type="SETUP">
<if>
<branch type="IF" condition="$BROWSER == 'chrome'">
<kw name="Evaluate" library="BuiltIn">
<var>${options}</var>
<arg>sys.modules['selenium.webdriver'].ChromeOptions()</arg>
<arg>sys</arg>
<doc>Evaluates the given expression in Python and returns the result.</doc>
<msg timestamp="20241111 14:05:41.269" level="INFO">${options} = &lt;selenium.webdriver.chrome.options.Options object at 0x000001C83FFD11F0&gt;</msg>
<status status="PASS" starttime="20241111 14:05:41.268" endtime="20241111 14:05:41.269"/>
</kw>
<status status="PASS" starttime="20241111 14:05:41.268" endtime="20241111 14:05:41.269"/>
</branch>
<branch type="ELSE IF" condition="$BROWSER == 'firefox'">
<kw name="Evaluate" library="BuiltIn">
<var>${options}</var>
<arg>sys.modules['selenium.webdriver'].FirefoxOptions()</arg>
<arg>sys</arg>
<doc>Evaluates the given expression in Python and returns the result.</doc>
<status status="NOT RUN" starttime="20241111 14:05:41.269" endtime="20241111 14:05:41.269"/>
</kw>
<status status="NOT RUN" starttime="20241111 14:05:41.269" endtime="20241111 14:05:41.269"/>
</branch>
<status status="PASS" starttime="20241111 14:05:41.268" endtime="20241111 14:05:41.269"/>
</if>
<if>
<branch type="IF" condition="$HEADLESS == 'true'">
<kw name="Set Selenium Speed" library="SeleniumLibrary">
<arg>0</arg>
<doc>Sets the delay that is waited after each Selenium command.</doc>
<status status="NOT RUN" starttime="20241111 14:05:41.269" endtime="20241111 14:05:41.269"/>
</kw>
<kw name="Call Method" library="BuiltIn">
<arg>${options}</arg>
<arg>add_argument</arg>
<arg>--headless</arg>
<doc>Calls the named method of the given object with the provided arguments.</doc>
<status status="NOT RUN" starttime="20241111 14:05:41.269" endtime="20241111 14:05:41.269"/>
</kw>
<status status="NOT RUN" starttime="20241111 14:05:41.269" endtime="20241111 14:05:41.269"/>
</branch>
<branch type="ELSE">
<kw name="Set Selenium Speed" library="SeleniumLibrary">
<arg>${DELAY}</arg>
<doc>Sets the delay that is waited after each Selenium command.</doc>
<status status="PASS" starttime="20241111 14:05:41.269" endtime="20241111 14:05:41.269"/>
</kw>
<status status="PASS" starttime="20241111 14:05:41.269" endtime="20241111 14:05:41.269"/>
</branch>
<status status="PASS" starttime="20241111 14:05:41.269" endtime="20241111 14:05:41.269"/>
</if>
<kw name="Open Browser" library="SeleniumLibrary">
<arg>browser=${BROWSER}</arg>
<arg>options=${options}</arg>
<doc>Opens a new browser instance to the optional ``url``.</doc>
<msg timestamp="20241111 14:05:41.270" level="INFO">Opening browser 'chrome' to base url 'None'.</msg>
<status status="PASS" starttime="20241111 14:05:41.269" endtime="20241111 14:05:42.811"/>
</kw>
<status status="PASS" starttime="20241111 14:05:41.268" endtime="20241111 14:05:42.811"/>
</kw>
<test id="s1-s1-t1" name="Click Login Link" line="8">
<kw name="Reset Application And Go To Starting Page" type="SETUP">
<kw name="Reset Application" library="AppLibrary">
<status status="PASS" starttime="20241111 14:05:42.813" endtime="20241111 14:05:44.861"/>
</kw>
<kw name="Go To Starting Page" library="resource">
<kw name="Go To" library="SeleniumLibrary">
<arg>${HOME_URL}</arg>
<doc>Navigates the current browser window to the provided ``url``.</doc>
<msg timestamp="20241111 14:05:44.862" level="INFO">Opening url 'http://localhost:5001'</msg>
<status status="PASS" starttime="20241111 14:05:44.861" endtime="20241111 14:05:45.711"/>
</kw>
<status status="PASS" starttime="20241111 14:05:44.861" endtime="20241111 14:05:45.711"/>
</kw>
<status status="PASS" starttime="20241111 14:05:42.812" endtime="20241111 14:05:45.711"/>
</kw>
<kw name="Click Link" library="SeleniumLibrary">
<arg>Login</arg>
<doc>Clicks a link identified by ``locator``.</doc>
<msg timestamp="20241111 14:05:45.712" level="INFO">Clicking link 'Login'.</msg>
<status status="PASS" starttime="20241111 14:05:45.711" endtime="20241111 14:05:47.298"/>
</kw>
<kw name="Login Page Should Be Open" library="resource">
<kw name="Title Should Be" library="SeleniumLibrary">
<arg>Login</arg>
<doc>Verifies that the current page title equals ``title``.</doc>
<msg timestamp="20241111 14:05:47.809" level="INFO">Page title is 'Login'.</msg>
<status status="PASS" starttime="20241111 14:05:47.299" endtime="20241111 14:05:47.809"/>
</kw>
<status status="PASS" starttime="20241111 14:05:47.298" endtime="20241111 14:05:47.809"/>
</kw>
<status status="PASS" starttime="20241111 14:05:42.812" endtime="20241111 14:05:47.809"/>
</test>
<test id="s1-s1-t2" name="Click Register Link" line="12">
<kw name="Reset Application And Go To Starting Page" type="SETUP">
<kw name="Reset Application" library="AppLibrary">
<status status="PASS" starttime="20241111 14:05:47.809" endtime="20241111 14:05:49.871"/>
</kw>
<kw name="Go To Starting Page" library="resource">
<kw name="Go To" library="SeleniumLibrary">
<arg>${HOME_URL}</arg>
<doc>Navigates the current browser window to the provided ``url``.</doc>
<msg timestamp="20241111 14:05:49.872" level="INFO">Opening url 'http://localhost:5001'</msg>
<status status="PASS" starttime="20241111 14:05:49.872" endtime="20241111 14:05:50.399"/>
</kw>
<status status="PASS" starttime="20241111 14:05:49.871" endtime="20241111 14:05:50.399"/>
</kw>
<status status="PASS" starttime="20241111 14:05:47.809" endtime="20241111 14:05:50.399"/>
</kw>
<kw name="Click Link" library="SeleniumLibrary">
<arg>Register new user</arg>
<doc>Clicks a link identified by ``locator``.</doc>
<msg timestamp="20241111 14:05:50.400" level="INFO">Clicking link 'Register new user'.</msg>
<status status="PASS" starttime="20241111 14:05:50.399" endtime="20241111 14:05:52.006"/>
</kw>
<kw name="Register Page Should Be Open" library="resource">
<kw name="Title Should Be" library="SeleniumLibrary">
<arg>Register</arg>
<doc>Verifies that the current page title equals ``title``.</doc>
<msg timestamp="20241111 14:05:52.525" level="INFO">Page title is 'Register'.</msg>
<status status="PASS" starttime="20241111 14:05:52.006" endtime="20241111 14:05:52.525"/>
</kw>
<status status="PASS" starttime="20241111 14:05:52.006" endtime="20241111 14:05:52.525"/>
</kw>
<status status="PASS" starttime="20241111 14:05:47.809" endtime="20241111 14:05:52.525"/>
</test>
<kw name="Close Browser" library="SeleniumLibrary" type="TEARDOWN">
<doc>Closes the current browser.</doc>
<status status="PASS" starttime="20241111 14:05:52.526" endtime="20241111 14:05:55.231"/>
</kw>
<status status="PASS" starttime="20241111 14:05:40.884" endtime="20241111 14:05:55.231"/>
</suite>
<suite id="s1-s2" name="Login" source="C:\Users\Katri\Documents\Opiskelu\OhTu\ohjelmistotuotanto\viikko3\web-login\src\tests\login.robot">
<kw name="Open And Configure Browser" library="resource" type="SETUP">
<if>
<branch type="IF" condition="$BROWSER == 'chrome'">
<kw name="Evaluate" library="BuiltIn">
<var>${options}</var>
<arg>sys.modules['selenium.webdriver'].ChromeOptions()</arg>
<arg>sys</arg>
<doc>Evaluates the given expression in Python and returns the result.</doc>
<msg timestamp="20241111 14:05:55.238" level="INFO">${options} = &lt;selenium.webdriver.chrome.options.Options object at 0x000001C83FFFEBD0&gt;</msg>
<status status="PASS" starttime="20241111 14:05:55.238" endtime="20241111 14:05:55.238"/>
</kw>
<status status="PASS" starttime="20241111 14:05:55.238" endtime="20241111 14:05:55.238"/>
</branch>
<branch type="ELSE IF" condition="$BROWSER == 'firefox'">
<kw name="Evaluate" library="BuiltIn">
<var>${options}</var>
<arg>sys.modules['selenium.webdriver'].FirefoxOptions()</arg>
<arg>sys</arg>
<doc>Evaluates the given expression in Python and returns the result.</doc>
<status status="NOT RUN" starttime="20241111 14:05:55.238" endtime="20241111 14:05:55.238"/>
</kw>
<status status="NOT RUN" starttime="20241111 14:05:55.238" endtime="20241111 14:05:55.238"/>
</branch>
<status status="PASS" starttime="20241111 14:05:55.238" endtime="20241111 14:05:55.238"/>
</if>
<if>
<branch type="IF" condition="$HEADLESS == 'true'">
<kw name="Set Selenium Speed" library="SeleniumLibrary">
<arg>0</arg>
<doc>Sets the delay that is waited after each Selenium command.</doc>
<status status="NOT RUN" starttime="20241111 14:05:55.239" endtime="20241111 14:05:55.239"/>
</kw>
<kw name="Call Method" library="BuiltIn">
<arg>${options}</arg>
<arg>add_argument</arg>
<arg>--headless</arg>
<doc>Calls the named method of the given object with the provided arguments.</doc>
<status status="NOT RUN" starttime="20241111 14:05:55.239" endtime="20241111 14:05:55.239"/>
</kw>
<status status="NOT RUN" starttime="20241111 14:05:55.238" endtime="20241111 14:05:55.239"/>
</branch>
<branch type="ELSE">
<kw name="Set Selenium Speed" library="SeleniumLibrary">
<arg>${DELAY}</arg>
<doc>Sets the delay that is waited after each Selenium command.</doc>
<status status="PASS" starttime="20241111 14:05:55.239" endtime="20241111 14:05:55.239"/>
</kw>
<status status="PASS" starttime="20241111 14:05:55.239" endtime="20241111 14:05:55.239"/>
</branch>
<status status="PASS" starttime="20241111 14:05:55.238" endtime="20241111 14:05:55.239"/>
</if>
<kw name="Open Browser" library="SeleniumLibrary">
<arg>browser=${BROWSER}</arg>
<arg>options=${options}</arg>
<doc>Opens a new browser instance to the optional ``url``.</doc>
<msg timestamp="20241111 14:05:55.239" level="INFO">Opening browser 'chrome' to base url 'None'.</msg>
<status status="PASS" starttime="20241111 14:05:55.239" endtime="20241111 14:05:56.745"/>
</kw>
<status status="PASS" starttime="20241111 14:05:55.238" endtime="20241111 14:05:56.745"/>
</kw>
<test id="s1-s2-t1" name="Login With Correct Credentials" line="8">
<kw name="Reset Application Create User And Go To Login Page" type="SETUP">
<kw name="Reset Application" library="AppLibrary">
<status status="PASS" starttime="20241111 14:05:56.746" endtime="20241111 14:05:58.782"/>
</kw>
<kw name="Create User" library="AppLibrary">
<arg>kalle</arg>
<arg>kalle123</arg>
<status status="PASS" starttime="20241111 14:05:58.782" endtime="20241111 14:06:02.867"/>
</kw>
<kw name="Go To Login Page" library="resource">
<kw name="Go To" library="SeleniumLibrary">
<arg>${LOGIN_URL}</arg>
<doc>Navigates the current browser window to the provided ``url``.</doc>
<msg timestamp="20241111 14:06:02.867" level="INFO">Opening url 'http://localhost:5001/login'</msg>
<status status="PASS" starttime="20241111 14:06:02.867" endtime="20241111 14:06:03.720"/>
</kw>
<status status="PASS" starttime="20241111 14:06:02.867" endtime="20241111 14:06:03.720"/>
</kw>
<status status="PASS" starttime="20241111 14:05:56.745" endtime="20241111 14:06:03.720"/>
</kw>
<kw name="Set Username">
<arg>kalle</arg>
<kw name="Input Text" library="SeleniumLibrary">
<arg>username</arg>
<arg>${username}</arg>
<doc>Types the given ``text`` into the text field identified by ``locator``.</doc>
<msg timestamp="20241111 14:06:03.723" level="INFO">Typing text 'kalle' into text field 'username'.</msg>
<status status="PASS" starttime="20241111 14:06:03.722" endtime="20241111 14:06:05.462"/>
</kw>
<status status="PASS" starttime="20241111 14:06:03.720" endtime="20241111 14:06:05.462"/>
</kw>
<kw name="Set Password">
<arg>kalle123</arg>
<kw name="Input Password" library="SeleniumLibrary">
<arg>password</arg>
<arg>${password}</arg>
<doc>Types the given password into the text field identified by ``locator``.</doc>
<msg timestamp="20241111 14:06:05.464" level="INFO">Typing password into text field 'password'.</msg>
<msg timestamp="20241111 14:06:06.534" level="INFO">Temporally setting log level to: NONE</msg>
<msg timestamp="20241111 14:06:07.078" level="INFO">Log level changed from NONE to INFO.</msg>
<status status="PASS" starttime="20241111 14:06:05.463" endtime="20241111 14:06:07.078"/>
</kw>
<status status="PASS" starttime="20241111 14:06:05.462" endtime="20241111 14:06:07.078"/>
</kw>
<kw name="Submit Credentials">
<kw name="Click Button" library="SeleniumLibrary">
<arg>Login</arg>
<doc>Clicks the button identified by ``locator``.</doc>
<msg timestamp="20241111 14:06:07.079" level="INFO">Clicking button 'Login'.</msg>
<status status="PASS" starttime="20241111 14:06:07.079" endtime="20241111 14:06:09.526"/>
</kw>
<status status="PASS" starttime="20241111 14:06:07.078" endtime="20241111 14:06:09.526"/>
</kw>
<kw name="Login Should Succeed">
<kw name="Main Page Should Be Open" library="resource">
<kw name="Title Should Be" library="SeleniumLibrary">
<arg>Ohtu Application main page</arg>
<doc>Verifies that the current page title equals ``title``.</doc>
<msg timestamp="20241111 14:06:10.041" level="INFO">Page title is 'Ohtu Application main page'.</msg>
<status status="PASS" starttime="20241111 14:06:09.527" endtime="20241111 14:06:10.041"/>
</kw>
<status status="PASS" starttime="20241111 14:06:09.527" endtime="20241111 14:06:10.041"/>
</kw>
<status status="PASS" starttime="20241111 14:06:09.526" endtime="20241111 14:06:10.041"/>
</kw>
<status status="PASS" starttime="20241111 14:05:56.745" endtime="20241111 14:06:10.041"/>
</test>
<test id="s1-s2-t2" name="Login With Incorrect Password" line="14">
<kw name="Reset Application Create User And Go To Login Page" type="SETUP">
<kw name="Reset Application" library="AppLibrary">
<status status="PASS" starttime="20241111 14:06:10.041" endtime="20241111 14:06:12.105"/>
</kw>
<kw name="Create User" library="AppLibrary">
<arg>kalle</arg>
<arg>kalle123</arg>
<status status="PASS" starttime="20241111 14:06:12.105" endtime="20241111 14:06:16.200"/>
</kw>
<kw name="Go To Login Page" library="resource">
<kw name="Go To" library="SeleniumLibrary">
<arg>${LOGIN_URL}</arg>
<doc>Navigates the current browser window to the provided ``url``.</doc>
<msg timestamp="20241111 14:06:16.200" level="INFO">Opening url 'http://localhost:5001/login'</msg>
<status status="PASS" starttime="20241111 14:06:16.200" endtime="20241111 14:06:17.029"/>
</kw>
<status status="PASS" starttime="20241111 14:06:16.200" endtime="20241111 14:06:17.029"/>
</kw>
<status status="PASS" starttime="20241111 14:06:10.041" endtime="20241111 14:06:17.029"/>
</kw>
<kw name="Set Username">
<arg>kalle</arg>
<kw name="Input Text" library="SeleniumLibrary">
<arg>username</arg>
<arg>${username}</arg>
<doc>Types the given ``text`` into the text field identified by ``locator``.</doc>
<msg timestamp="20241111 14:06:17.031" level="INFO">Typing text 'kalle' into text field 'username'.</msg>
<status status="PASS" starttime="20241111 14:06:17.030" endtime="20241111 14:06:18.664"/>
</kw>
<status status="PASS" starttime="20241111 14:06:17.029" endtime="20241111 14:06:18.664"/>
</kw>
<kw name="Set Password">
<arg>kalle456</arg>
<kw name="Input Password" library="SeleniumLibrary">
<arg>password</arg>
<arg>${password}</arg>
<doc>Types the given password into the text field identified by ``locator``.</doc>
<msg timestamp="20241111 14:06:18.665" level="INFO">Typing password into text field 'password'.</msg>
<msg timestamp="20241111 14:06:19.703" level="INFO">Temporally setting log level to: NONE</msg>
<msg timestamp="20241111 14:06:20.242" level="INFO">Log level changed from NONE to INFO.</msg>
<status status="PASS" starttime="20241111 14:06:18.665" endtime="20241111 14:06:20.242"/>
</kw>
<status status="PASS" starttime="20241111 14:06:18.664" endtime="20241111 14:06:20.242"/>
</kw>
<kw name="Submit Credentials">
<kw name="Click Button" library="SeleniumLibrary">
<arg>Login</arg>
<doc>Clicks the button identified by ``locator``.</doc>
<msg timestamp="20241111 14:06:20.243" level="INFO">Clicking button 'Login'.</msg>
<status status="PASS" starttime="20241111 14:06:20.242" endtime="20241111 14:06:22.323"/>
</kw>
<status status="PASS" starttime="20241111 14:06:20.242" endtime="20241111 14:06:22.323"/>
</kw>
<kw name="Login Should Fail With Message">
<arg>Invalid username or password</arg>
<kw name="Login Page Should Be Open" library="resource">
<kw name="Title Should Be" library="SeleniumLibrary">
<arg>Login</arg>
<doc>Verifies that the current page title equals ``title``.</doc>
<msg timestamp="20241111 14:06:22.839" level="INFO">Page title is 'Login'.</msg>
<status status="PASS" starttime="20241111 14:06:22.324" endtime="20241111 14:06:22.839"/>
</kw>
<status status="PASS" starttime="20241111 14:06:22.324" endtime="20241111 14:06:22.839"/>
</kw>
<kw name="Page Should Contain" library="SeleniumLibrary">
<arg>${message}</arg>
<doc>Verifies that current page contains ``text``.</doc>
<msg timestamp="20241111 14:06:23.873" level="INFO">Current page contains text 'Invalid username or password'.</msg>
<status status="PASS" starttime="20241111 14:06:22.839" endtime="20241111 14:06:23.873"/>
</kw>
<status status="PASS" starttime="20241111 14:06:22.324" endtime="20241111 14:06:23.873"/>
</kw>
<status status="PASS" starttime="20241111 14:06:10.041" endtime="20241111 14:06:23.873"/>
</test>
<kw name="Close Browser" library="SeleniumLibrary" type="TEARDOWN">
<doc>Closes the current browser.</doc>
<status status="PASS" starttime="20241111 14:06:23.874" endtime="20241111 14:06:26.525"/>
</kw>
<status status="PASS" starttime="20241111 14:05:55.232" endtime="20241111 14:06:26.525"/>
</suite>
<status status="PASS" starttime="20241111 14:05:40.865" endtime="20241111 14:06:26.527"/>
</suite>
<statistics>
<total>
<stat pass="4" fail="0" skip="0">All Tests</stat>
</total>
<tag>
</tag>
<suite>
<stat pass="4" fail="0" skip="0" id="s1" name="Tests">Tests</stat>
<stat pass="2" fail="0" skip="0" id="s1-s1" name="Home">Tests.Home</stat>
<stat pass="2" fail="0" skip="0" id="s1-s2" name="Login">Tests.Login</stat>
</suite>
</statistics>
<errors>
</errors>
</robot>
